<?xml version="1.0" encoding="UTF-8"?>
<testng-results ignored="0" total="3" passed="3" failed="0" skipped="0">
  <reporter-output>
  </reporter-output>
  <suite started-at="2023-04-11T13:15:36 IST" name="Default suite" finished-at="2023-04-11T13:15:42 IST" duration-ms="6081">
    <groups>
    </groups>
    <test started-at="2023-04-11T13:15:36 IST" name="Default test" finished-at="2023-04-11T13:15:42 IST" duration-ms="6081">
      <class name="testNgPack.VerifyLoginpage">
        <test-method is-config="true" signature="beforeClass()[pri:0, instance:testNgPack.VerifyLoginpage@703580bf]" started-at="2023-04-11T13:15:36 IST" name="beforeClass" finished-at="2023-04-11T13:15:38 IST" duration-ms="2249" status="PASS">
          <reporter-output>
          </reporter-output>
        </test-method> <!-- beforeClass -->
        <test-method is-config="true" signature="beforeMethod()[pri:0, instance:testNgPack.VerifyLoginpage@703580bf]" started-at="2023-04-11T13:15:38 IST" name="beforeMethod" finished-at="2023-04-11T13:15:40 IST" duration-ms="2017" status="PASS">
          <reporter-output>
          </reporter-output>
        </test-method> <!-- beforeMethod -->
        <test-method signature="test()[pri:1, instance:testNgPack.VerifyLoginpage@703580bf]" started-at="2023-04-11T13:15:40 IST" name="test" finished-at="2023-04-11T13:15:41 IST" duration-ms="417" status="PASS">
          <reporter-output>
          </reporter-output>
        </test-method> <!-- test -->
        <test-method is-config="true" signature="afterMethod()[pri:0, instance:testNgPack.VerifyLoginpage@703580bf]" started-at="2023-04-11T13:15:41 IST" name="afterMethod" finished-at="2023-04-11T13:15:41 IST" duration-ms="1" status="PASS">
          <reporter-output>
          </reporter-output>
        </test-method> <!-- afterMethod -->
        <test-method is-config="true" signature="beforeMethod()[pri:0, instance:testNgPack.VerifyLoginpage@703580bf]" started-at="2023-04-11T13:15:41 IST" name="beforeMethod" finished-at="2023-04-11T13:15:41 IST" duration-ms="738" status="PASS">
          <reporter-output>
          </reporter-output>
        </test-method> <!-- beforeMethod -->
        <test-method signature="test3()[pri:1, instance:testNgPack.VerifyLoginpage@703580bf]" started-at="2023-04-11T13:15:41 IST" name="test3" finished-at="2023-04-11T13:15:41 IST" duration-ms="1" status="PASS">
          <reporter-output>
          </reporter-output>
        </test-method> <!-- test3 -->
        <test-method is-config="true" signature="afterMethod()[pri:0, instance:testNgPack.VerifyLoginpage@703580bf]" started-at="2023-04-11T13:15:41 IST" name="afterMethod" finished-at="2023-04-11T13:15:41 IST" duration-ms="1" status="PASS">
          <reporter-output>
          </reporter-output>
        </test-method> <!-- afterMethod -->
        <test-method is-config="true" signature="beforeMethod()[pri:0, instance:testNgPack.VerifyLoginpage@703580bf]" started-at="2023-04-11T13:15:41 IST" name="beforeMethod" finished-at="2023-04-11T13:15:42 IST" duration-ms="573" status="PASS">
          <reporter-output>
          </reporter-output>
        </test-method> <!-- beforeMethod -->
        <test-method signature="test2()[pri:2, instance:testNgPack.VerifyLoginpage@703580bf]" started-at="2023-04-11T13:15:42 IST" name="test2" finished-at="2023-04-11T13:15:42 IST" duration-ms="1" status="PASS">
          <reporter-output>
          </reporter-output>
        </test-method> <!-- test2 -->
        <test-method is-config="true" signature="afterMethod()[pri:0, instance:testNgPack.VerifyLoginpage@703580bf]" started-at="2023-04-11T13:15:42 IST" name="afterMethod" finished-at="2023-04-11T13:15:42 IST" duration-ms="0" status="PASS">
          <reporter-output>
          </reporter-output>
        </test-method> <!-- afterMethod -->
        <test-method is-config="true" signature="afterClass()[pri:0, instance:testNgPack.VerifyLoginpage@703580bf]" started-at="2023-04-11T13:15:42 IST" name="afterClass" finished-at="2023-04-11T13:15:42 IST" duration-ms="0" status="PASS">
          <reporter-output>
          </reporter-output>
        </test-method> <!-- afterClass -->
      </class> <!-- testNgPack.VerifyLoginpage -->
    </test> <!-- Default test -->
  </suite> <!-- Default suite -->
</testng-results>
