<?xml version="1.0" encoding="UTF-8"?>
<!-- Generated by org.testng.reporters.JUnitXMLReporter -->
<testsuite ignored="0" hostname="Bhushan" failures="0" tests="3" name="Default test" time="6.081" errors="0" timestamp="2023-04-11T13:15:42 IST">
  <testcase classname="testNgPack.VerifyLoginpage" name="test" time="0.417"/>
  <testcase classname="testNgPack.VerifyLoginpage" name="test3" time="0.001"/>
  <testcase classname="testNgPack.VerifyLoginpage" name="test2" time="0.001"/>
</testsuite> <!-- Default test -->
